<?xml version="1.0" encoding="UTF-8"?>
<!-- Generated by org.testng.reporters.JUnitReportReporter -->
<testsuite hostname="LAPTOP-7458VGEB" failures="0" tests="1" name="driverFactory.AppTest" time="55.047" errors="0" timestamp="2024-01-01T19:15:01 IST" skipped="0">
  <testcase classname="driverFactory.AppTest" name="Kickstart" time="55.047">
    <system-out>
      <![CDATA[Stock-000000021    Stock-000000021
Supplier-00000000931    Supplier-00000000931]]>
    </system-out>
  </testcase> <!-- Kickstart -->
  <system-out>
    <![CDATA[Stock-000000021    Stock-000000021
Supplier-00000000931    Supplier-00000000931]]>
  </system-out>
</testsuite> <!-- driverFactory.AppTest -->
